<?xml version="1.0" encoding="UTF-8"?>
<testng-results ignored="0" total="1" passed="1" failed="0" skipped="0">
  <reporter-output>
  </reporter-output>
  <suite started-at="2024-11-21T14:37:39 IST" name="Default suite" finished-at="2024-11-21T14:37:49 IST" duration-ms="10266">
    <groups>
      <group name="cucumber">
        <method signature="AbstractTestNGCucumberTests.runScenario(io.cucumber.testng.PickleWrapper,io.cucumber.testng.FeatureWrapper)[pri:0, instance:Runner.TestApplication@23e84203]" name="runScenario" class="io.cucumber.testng.AbstractTestNGCucumberTests"/>
      </group> <!-- cucumber -->
    </groups>
    <test started-at="2024-11-21T14:37:39 IST" name="Default test" finished-at="2024-11-21T14:37:49 IST" duration-ms="10266">
      <class name="Runner.TestApplication">
        <test-method is-config="true" signature="setUpClass()[pri:0, instance:Runner.TestApplication@23e84203]" started-at="2024-11-21T14:37:39 IST" name="setUpClass" finished-at="2024-11-21T14:37:40 IST" duration-ms="525" status="PASS">
          <reporter-output>
          </reporter-output>
        </test-method> <!-- setUpClass -->
        <test-method signature="runScenario(io.cucumber.testng.PickleWrapper,io.cucumber.testng.FeatureWrapper)[pri:0, instance:Runner.TestApplication@23e84203]" started-at="2024-11-21T14:37:40 IST" name="runScenario" description="Runs Cucumber Scenarios" data-provider="scenarios" finished-at="2024-11-21T14:37:49 IST" duration-ms="9642" status="PASS">
          <params>
            <param index="0">
              <value>
                <![CDATA["To check the admin user is able to login to application"]]>
              </value>
            </param>
            <param index="1">
              <value>
                <![CDATA["Optional[To check the loginIn functionality.]"]]>
              </value>
            </param>
          </params>
          <reporter-output>
          </reporter-output>
        </test-method> <!-- runScenario -->
        <test-method is-config="true" signature="tearDownClass()[pri:0, instance:Runner.TestApplication@23e84203]" started-at="2024-11-21T14:37:49 IST" name="tearDownClass" finished-at="2024-11-21T14:37:49 IST" duration-ms="41" status="PASS">
          <reporter-output>
          </reporter-output>
        </test-method> <!-- tearDownClass -->
      </class> <!-- Runner.TestApplication -->
    </test> <!-- Default test -->
  </suite> <!-- Default suite -->
</testng-results>
