<?xml version="1.0" encoding="UTF-8"?>
<testng-results ignored="0" total="1" passed="1" failed="0" skipped="0">
  <reporter-output>
  </reporter-output>
  <suite started-at="2024-11-07T22:26:07 IST" name="Default suite" finished-at="2024-11-07T22:26:24 IST" duration-ms="17446">
    <groups>
      <group name="cucumber">
        <method signature="AbstractTestNGCucumberTests.runScenario(io.cucumber.testng.PickleWrapper,io.cucumber.testng.FeatureWrapper)[pri:0, instance:Runner.TestApplication@2e377400]" name="runScenario" class="io.cucumber.testng.AbstractTestNGCucumberTests"/>
      </group> <!-- cucumber -->
    </groups>
    <test started-at="2024-11-07T22:26:07 IST" name="Default test" finished-at="2024-11-07T22:26:24 IST" duration-ms="17446">
      <class name="Runner.TestApplication">
        <test-method is-config="true" signature="setUpClass()[pri:0, instance:Runner.TestApplication@2e377400]" started-at="2024-11-07T22:26:07 IST" name="setUpClass" finished-at="2024-11-07T22:26:07 IST" duration-ms="416" status="PASS">
          <reporter-output>
          </reporter-output>
        </test-method> <!-- setUpClass -->
        <test-method signature="runScenario(io.cucumber.testng.PickleWrapper,io.cucumber.testng.FeatureWrapper)[pri:0, instance:Runner.TestApplication@2e377400]" started-at="2024-11-07T22:26:07 IST" name="runScenario" description="Runs Cucumber Scenarios" data-provider="scenarios" finished-at="2024-11-07T22:26:24 IST" duration-ms="16976" status="PASS">
          <params>
            <param index="0">
              <value>
                <![CDATA["To check the signIn functionality of magentotestingboard"]]>
              </value>
            </param>
            <param index="1">
              <value>
                <![CDATA["Optional[To check the signup and login functionality]"]]>
              </value>
            </param>
          </params>
          <reporter-output>
          </reporter-output>
        </test-method> <!-- runScenario -->
        <test-method is-config="true" signature="tearDownClass()[pri:0, instance:Runner.TestApplication@2e377400]" started-at="2024-11-07T22:26:24 IST" name="tearDownClass" finished-at="2024-11-07T22:26:24 IST" duration-ms="16" status="PASS">
          <reporter-output>
          </reporter-output>
        </test-method> <!-- tearDownClass -->
      </class> <!-- Runner.TestApplication -->
    </test> <!-- Default test -->
  </suite> <!-- Default suite -->
</testng-results>
